mode: set
github.com/kernelguy/gorpc/loopbacktransport.go:19.39,21.2 1 1
github.com/kernelguy/gorpc/loopbacktransport.go:23.38,27.12 3 1
github.com/kernelguy/gorpc/loopbacktransport.go:27.12,28.7 1 1
github.com/kernelguy/gorpc/loopbacktransport.go:28.7,29.11 1 1
github.com/kernelguy/gorpc/loopbacktransport.go:30.4,32.11 2 1
github.com/kernelguy/gorpc/loopbacktransport.go:34.4,36.33 2 1
github.com/kernelguy/gorpc/loopbacktransport.go:43.58,44.12 1 1
github.com/kernelguy/gorpc/loopbacktransport.go:44.12,48.3 3 1
github.com/kernelguy/gorpc/request.go:16.37,18.2 1 1
github.com/kernelguy/gorpc/request.go:20.39,22.2 1 1
github.com/kernelguy/gorpc/request.go:24.40,26.2 1 1
github.com/kernelguy/gorpc/request.go:28.58,31.16 3 1
github.com/kernelguy/gorpc/request.go:31.16,33.25 2 1
github.com/kernelguy/gorpc/request.go:41.3,41.25 1 1
github.com/kernelguy/gorpc/request.go:33.25,34.35 1 0
github.com/kernelguy/gorpc/request.go:35.4,36.27 1 0
github.com/kernelguy/gorpc/request.go:37.4,38.15 1 0
github.com/kernelguy/gorpc/request.go:45.65,47.15 2 1
github.com/kernelguy/gorpc/request.go:50.2,51.19 2 1
github.com/kernelguy/gorpc/request.go:54.2,55.46 2 1
github.com/kernelguy/gorpc/request.go:47.15,49.3 1 1
github.com/kernelguy/gorpc/request.go:51.19,53.3 1 1
github.com/kernelguy/gorpc/request.go:58.65,61.18 3 1
github.com/kernelguy/gorpc/request.go:66.2,67.60 2 1
github.com/kernelguy/gorpc/request.go:61.18,63.3 1 1
github.com/kernelguy/gorpc/request.go:63.3,65.3 1 1
github.com/kernelguy/gorpc/request.go:70.39,71.22 1 1
github.com/kernelguy/gorpc/request.go:74.2,74.24 1 1
github.com/kernelguy/gorpc/request.go:71.22,73.3 1 0
github.com/kernelguy/gorpc/request.go:77.38,78.22 1 1
github.com/kernelguy/gorpc/request.go:81.2,81.37 1 1
github.com/kernelguy/gorpc/request.go:78.22,80.3 1 0
github.com/kernelguy/gorpc/request.go:84.43,85.22 1 1
github.com/kernelguy/gorpc/request.go:88.2,88.28 1 1
github.com/kernelguy/gorpc/request.go:85.22,87.3 1 0
github.com/kernelguy/gorpc/request.go:91.43,92.22 1 1
github.com/kernelguy/gorpc/request.go:95.2,95.28 1 1
github.com/kernelguy/gorpc/request.go:92.22,94.3 1 0
github.com/kernelguy/gorpc/request.go:98.42,99.22 1 1
github.com/kernelguy/gorpc/request.go:102.2,102.27 1 1
github.com/kernelguy/gorpc/request.go:99.22,101.3 1 0
github.com/kernelguy/gorpc/request.go:105.39,106.22 1 1
github.com/kernelguy/gorpc/request.go:109.2,109.38 1 1
github.com/kernelguy/gorpc/request.go:106.22,108.3 1 0
github.com/kernelguy/gorpc/request.go:112.38,115.22 3 0
github.com/kernelguy/gorpc/request.go:134.2,135.10 2 0
github.com/kernelguy/gorpc/request.go:115.22,117.31 2 0
github.com/kernelguy/gorpc/request.go:132.3,132.14 1 0
github.com/kernelguy/gorpc/request.go:117.31,118.20 1 0
github.com/kernelguy/gorpc/request.go:130.4,130.14 1 0
github.com/kernelguy/gorpc/request.go:119.5,120.46 1 0
github.com/kernelguy/gorpc/request.go:121.5,122.52 1 0
github.com/kernelguy/gorpc/request.go:123.5,124.48 1 0
github.com/kernelguy/gorpc/request.go:125.5,126.48 1 0
github.com/kernelguy/gorpc/request.go:127.5,128.55 1 0
github.com/kernelguy/gorpc/request.go:138.63,142.2 3 1
github.com/kernelguy/gorpc/router.go:15.52,17.2 1 1
github.com/kernelguy/gorpc/router.go:19.92,22.31 2 1
github.com/kernelguy/gorpc/router.go:27.2,27.12 1 1
github.com/kernelguy/gorpc/router.go:22.31,25.3 2 1
github.com/kernelguy/gorpc/router.go:30.85,33.31 2 1
github.com/kernelguy/gorpc/router.go:49.2,49.15 1 1
github.com/kernelguy/gorpc/router.go:33.31,34.24 1 1
github.com/kernelguy/gorpc/router.go:34.24,37.17 3 1
github.com/kernelguy/gorpc/router.go:40.4,40.58 1 1
github.com/kernelguy/gorpc/router.go:37.17,39.5 1 1
github.com/kernelguy/gorpc/router.go:41.4,41.32 1 1
github.com/kernelguy/gorpc/router.go:41.32,44.4 2 1
github.com/kernelguy/gorpc/router.go:44.4,47.4 2 1
github.com/kernelguy/gorpc/router.go:52.108,53.15 1 1
github.com/kernelguy/gorpc/router.go:71.2,82.16 8 1
github.com/kernelguy/gorpc/router.go:85.2,86.8 2 1
github.com/kernelguy/gorpc/router.go:53.15,54.31 1 1
github.com/kernelguy/gorpc/router.go:54.31,56.25 2 1
github.com/kernelguy/gorpc/router.go:57.4,58.13 1 0
github.com/kernelguy/gorpc/router.go:59.4,60.12 1 1
github.com/kernelguy/gorpc/router.go:61.4,62.55 1 0
github.com/kernelguy/gorpc/router.go:63.4,64.43 1 0
github.com/kernelguy/gorpc/router.go:65.4,66.69 1 0
github.com/kernelguy/gorpc/router.go:82.16,84.3 1 1
github.com/kernelguy/gorpc/router.go:89.91,93.20 3 1
github.com/kernelguy/gorpc/router.go:100.2,101.26 2 1
github.com/kernelguy/gorpc/router.go:105.2,105.15 1 1
github.com/kernelguy/gorpc/router.go:93.20,95.19 2 1
github.com/kernelguy/gorpc/router.go:98.3,98.18 1 1
github.com/kernelguy/gorpc/router.go:95.19,96.46 1 0
github.com/kernelguy/gorpc/router.go:101.26,102.45 1 0
github.com/kernelguy/gorpc/router.go:108.95,113.12 3 1
github.com/kernelguy/gorpc/router.go:119.2,120.25 2 1
github.com/kernelguy/gorpc/router.go:124.2,124.19 1 1
github.com/kernelguy/gorpc/router.go:152.2,153.8 2 1
github.com/kernelguy/gorpc/router.go:113.12,115.3 1 0
github.com/kernelguy/gorpc/router.go:115.3,115.18 1 1
github.com/kernelguy/gorpc/router.go:115.18,116.108 1 0
github.com/kernelguy/gorpc/router.go:120.25,122.3 1 1
github.com/kernelguy/gorpc/router.go:124.19,130.19 5 1
github.com/kernelguy/gorpc/router.go:131.3,133.19 2 1
github.com/kernelguy/gorpc/router.go:136.4,137.38 2 1
github.com/kernelguy/gorpc/router.go:139.3,141.19 2 1
github.com/kernelguy/gorpc/router.go:144.4,145.38 2 1
github.com/kernelguy/gorpc/router.go:147.3,149.45 2 1
github.com/kernelguy/gorpc/router.go:133.19,134.46 1 0
github.com/kernelguy/gorpc/router.go:141.19,142.46 1 0
github.com/kernelguy/gorpc/transport.go:21.74,24.22 2 1
github.com/kernelguy/gorpc/transport.go:27.2,27.20 1 1
github.com/kernelguy/gorpc/transport.go:24.22,26.3 1 1
github.com/kernelguy/gorpc/transport.go:27.20,29.3 1 1
github.com/kernelguy/gorpc/transport.go:33.54,35.2 0 0
github.com/kernelguy/gorpc/transport.go:37.56,39.2 0 0
github.com/kernelguy/gorpc/transport.go:41.63,44.16 3 1
github.com/kernelguy/gorpc/transport.go:47.2,48.12 2 1
github.com/kernelguy/gorpc/transport.go:44.16,46.3 1 0
github.com/kernelguy/gorpc/transport.go:51.32,53.2 0 0
github.com/kernelguy/gorpc/transport.go:55.72,56.28 1 1
github.com/kernelguy/gorpc/transport.go:59.2,61.10 3 1
github.com/kernelguy/gorpc/transport.go:56.28,58.3 1 1
github.com/kernelguy/gorpc/transport.go:64.49,66.16 2 1
github.com/kernelguy/gorpc/transport.go:66.16,68.3 1 1
github.com/kernelguy/gorpc/transport.go:71.67,72.28 1 1
github.com/kernelguy/gorpc/transport.go:75.2,76.14 2 1
github.com/kernelguy/gorpc/transport.go:79.2,79.15 1 1
github.com/kernelguy/gorpc/transport.go:72.28,74.3 1 1
github.com/kernelguy/gorpc/transport.go:76.14,78.3 1 0
github.com/kernelguy/gorpc/transport.go:82.52,83.27 1 1
github.com/kernelguy/gorpc/transport.go:104.2,104.29 1 1
github.com/kernelguy/gorpc/transport.go:83.27,84.45 1 1
github.com/kernelguy/gorpc/transport.go:84.45,87.18 3 1
github.com/kernelguy/gorpc/transport.go:91.4,92.18 2 1
github.com/kernelguy/gorpc/transport.go:96.4,96.15 1 1
github.com/kernelguy/gorpc/transport.go:87.18,90.5 1 0
github.com/kernelguy/gorpc/transport.go:92.18,95.5 1 0
github.com/kernelguy/gorpc/transport.go:96.15,98.24 2 1
github.com/kernelguy/gorpc/transport.go:98.24,100.6 1 1
github.com/kernelguy/gorpc/transport.go:107.50,108.25 1 1
github.com/kernelguy/gorpc/transport.go:114.2,114.27 1 1
github.com/kernelguy/gorpc/transport.go:108.25,109.43 1 0
github.com/kernelguy/gorpc/transport.go:109.43,112.4 1 0
github.com/kernelguy/gorpc/connection.go:20.33,22.2 1 1
github.com/kernelguy/gorpc/connection.go:24.85,25.33 1 1
github.com/kernelguy/gorpc/connection.go:28.2,42.28 13 1
github.com/kernelguy/gorpc/connection.go:50.2,50.20 1 1
github.com/kernelguy/gorpc/connection.go:25.33,27.3 1 1
github.com/kernelguy/gorpc/connection.go:43.9,45.25 2 1
github.com/kernelguy/gorpc/connection.go:47.9,48.22 1 1
github.com/kernelguy/gorpc/connection.go:53.67,59.2 5 1
github.com/kernelguy/gorpc/connection.go:61.70,63.19 2 1
github.com/kernelguy/gorpc/connection.go:71.2,72.9 2 1
github.com/kernelguy/gorpc/connection.go:64.3,65.36 1 1
github.com/kernelguy/gorpc/connection.go:66.3,67.16 1 0
github.com/kernelguy/gorpc/connection.go:68.3,69.100 1 0
github.com/kernelguy/gorpc/connection.go:72.9,74.3 1 1
github.com/kernelguy/gorpc/connection.go:77.54,78.32 1 1
github.com/kernelguy/gorpc/connection.go:81.2,81.28 1 1
github.com/kernelguy/gorpc/connection.go:78.32,80.3 1 1
github.com/kernelguy/gorpc/connection.go:84.60,87.2 2 1
github.com/kernelguy/gorpc/connectionaddress.go:13.82,17.2 3 1
github.com/kernelguy/gorpc/connectionaddress.go:19.48,21.2 1 1
github.com/kernelguy/gorpc/connectionaddress.go:23.53,25.2 1 1
github.com/kernelguy/gorpc/connectionaddress.go:27.54,29.2 1 1
github.com/kernelguy/gorpc/controller.go:29.60,32.2 2 1
github.com/kernelguy/gorpc/controller.go:35.51,38.16 3 1
github.com/kernelguy/gorpc/controller.go:41.2,41.19 1 1
github.com/kernelguy/gorpc/controller.go:38.16,40.3 1 0
github.com/kernelguy/gorpc/controller.go:44.63,46.2 1 1
github.com/kernelguy/gorpc/controller.go:48.50,50.2 1 1
github.com/kernelguy/gorpc/factory.go:12.13,14.2 1 1
github.com/kernelguy/gorpc/factory.go:16.35,18.2 1 0
github.com/kernelguy/gorpc/factory.go:20.28,22.2 1 1
github.com/kernelguy/gorpc/factory.go:25.63,27.2 1 0
github.com/kernelguy/gorpc/factory.go:29.49,33.2 3 0
github.com/kernelguy/gorpc/factory.go:35.92,37.2 1 1
github.com/kernelguy/gorpc/factory.go:39.96,43.2 3 1
github.com/kernelguy/gorpc/factory.go:45.51,47.2 1 1
github.com/kernelguy/gorpc/factory.go:49.47,51.2 1 1
github.com/kernelguy/gorpc/factory.go:53.43,55.2 1 1
github.com/kernelguy/gorpc/factory.go:57.71,59.2 1 1
github.com/kernelguy/gorpc/factory.go:61.59,63.2 1 1
github.com/kernelguy/gorpc/factory.go:65.75,67.46 2 1
github.com/kernelguy/gorpc/factory.go:72.2,72.10 1 1
github.com/kernelguy/gorpc/factory.go:67.46,69.3 1 1
github.com/kernelguy/gorpc/factory.go:69.3,71.3 1 1
github.com/kernelguy/gorpc/factory.go:75.75,79.2 3 1
github.com/kernelguy/gorpc/rpcerrors.go:20.54,22.14 2 1
github.com/kernelguy/gorpc/rpcerrors.go:42.2,42.64 1 1
github.com/kernelguy/gorpc/rpcerrors.go:23.2,24.26 1 0
github.com/kernelguy/gorpc/rpcerrors.go:26.2,27.30 1 0
github.com/kernelguy/gorpc/rpcerrors.go:29.2,30.31 1 0
github.com/kernelguy/gorpc/rpcerrors.go:32.2,33.29 1 1
github.com/kernelguy/gorpc/rpcerrors.go:35.2,36.26 1 1
github.com/kernelguy/gorpc/rpcerrors.go:38.2,40.26 2 0
github.com/kernelguy/gorpc/rpcerrors.go:45.34,47.2 1 0
github.com/kernelguy/gorpc/rpcerrors.go:49.40,51.2 1 0
github.com/kernelguy/gorpc/rpcerrors.go:53.36,55.2 1 0
github.com/kernelguy/gorpc/rpcerrors.go:57.35,59.19 2 1
github.com/kernelguy/gorpc/rpcerrors.go:64.2,64.80 1 1
github.com/kernelguy/gorpc/rpcerrors.go:59.19,61.3 1 0
github.com/kernelguy/gorpc/rpcerrors.go:61.3,63.3 1 1
github.com/kernelguy/gorpc/fillstruct.go:9.56,10.36 1 1
github.com/kernelguy/gorpc/fillstruct.go:10.36,13.25 3 1
github.com/kernelguy/gorpc/fillstruct.go:14.3,15.35 1 0
github.com/kernelguy/gorpc/fillstruct.go:16.3,17.43 1 0
github.com/kernelguy/gorpc/fillstruct.go:18.3,19.39 1 0
github.com/kernelguy/gorpc/fillstruct.go:20.3,21.32 1 1
github.com/kernelguy/gorpc/fillstruct.go:22.3,25.13 3 0
github.com/kernelguy/gorpc/fillstruct.go:26.3,26.11 0 1
github.com/kernelguy/gorpc/fillstruct.go:31.70,36.33 4 1
github.com/kernelguy/gorpc/fillstruct.go:40.2,40.32 1 1
github.com/kernelguy/gorpc/fillstruct.go:44.2,46.38 3 1
github.com/kernelguy/gorpc/fillstruct.go:54.2,56.12 3 1
github.com/kernelguy/gorpc/fillstruct.go:36.33,38.3 1 0
github.com/kernelguy/gorpc/fillstruct.go:40.32,42.3 1 0
github.com/kernelguy/gorpc/fillstruct.go:46.38,48.17 2 1
github.com/kernelguy/gorpc/fillstruct.go:51.3,51.13 1 1
github.com/kernelguy/gorpc/fillstruct.go:48.17,50.4 1 0
github.com/kernelguy/gorpc/fillstruct.go:59.71,61.22 2 1
github.com/kernelguy/gorpc/fillstruct.go:68.2,69.12 2 1
github.com/kernelguy/gorpc/fillstruct.go:61.22,63.17 2 1
github.com/kernelguy/gorpc/fillstruct.go:63.17,66.4 2 0
github.com/kernelguy/gorpc/fillstruct.go:72.95,74.28 2 1
github.com/kernelguy/gorpc/fillstruct.go:81.2,82.12 2 1
github.com/kernelguy/gorpc/fillstruct.go:74.28,76.17 2 1
github.com/kernelguy/gorpc/fillstruct.go:76.17,79.4 2 0
github.com/kernelguy/gorpc/protocol.go:15.71,18.2 2 1
github.com/kernelguy/gorpc/protocol.go:20.68,24.16 4 1
github.com/kernelguy/gorpc/protocol.go:27.2,30.47 4 1
github.com/kernelguy/gorpc/protocol.go:39.2,39.20 1 1
github.com/kernelguy/gorpc/protocol.go:24.16,26.3 1 0
github.com/kernelguy/gorpc/protocol.go:30.47,33.31 3 0
github.com/kernelguy/gorpc/protocol.go:33.31,35.4 1 0
github.com/kernelguy/gorpc/protocol.go:36.3,38.3 1 1
github.com/kernelguy/gorpc/protocol.go:42.94,44.24 1 1
github.com/kernelguy/gorpc/protocol.go:49.2,49.47 1 1
github.com/kernelguy/gorpc/protocol.go:44.24,47.3 2 1
github.com/kernelguy/gorpc/protocol.go:53.44,55.9 2 1
github.com/kernelguy/gorpc/protocol.go:58.2,58.29 1 1
github.com/kernelguy/gorpc/protocol.go:55.9,56.101 1 0
github.com/kernelguy/gorpc/protocol.go:58.29,59.94 1 0
github.com/kernelguy/gorpc/requestwrapper.go:14.74,16.28 2 1
github.com/kernelguy/gorpc/requestwrapper.go:19.2,19.13 1 1
github.com/kernelguy/gorpc/requestwrapper.go:16.28,18.3 1 1
github.com/kernelguy/gorpc/requestwrapper.go:22.53,25.2 2 1
github.com/kernelguy/gorpc/requestwrapper.go:27.73,30.2 2 1
github.com/kernelguy/gorpc/requestwrapper.go:32.41,34.2 1 1
github.com/kernelguy/gorpc/requestwrapper.go:36.48,38.2 1 1
github.com/kernelguy/gorpc/requestwrapper.go:40.48,42.2 1 1
github.com/kernelguy/gorpc/requestwrapper.go:44.56,46.2 1 1
github.com/kernelguy/gorpc/requestwrapper.go:48.67,49.24 1 1
github.com/kernelguy/gorpc/requestwrapper.go:57.2,57.8 1 1
github.com/kernelguy/gorpc/requestwrapper.go:49.24,51.3 1 1
github.com/kernelguy/gorpc/requestwrapper.go:51.3,51.25 1 1
github.com/kernelguy/gorpc/requestwrapper.go:51.25,53.3 1 1
github.com/kernelguy/gorpc/requestwrapper.go:53.3,56.3 2 0
